<?xml version="1.0" encoding="UTF-8"?>
<!-- Generated by org.testng.reporters.JUnitReportReporter -->
<testsuite hostname="DESKTOP-D5NGQE7" failures="0" tests="1" name="com.selenium.scripts.ActionsTest" time="6.263" errors="0" timestamp="2024-10-24T07:01:01 IST" skipped="0">
  <testcase classname="com.selenium.scripts.ActionsTest" name="actionMethods" time="6.263"/>
  <system-out/>
</testsuite> <!-- com.selenium.scripts.ActionsTest -->
