<?xml version="1.0" encoding="UTF-8"?>
<!-- Generated by org.testng.reporters.JUnitReportReporter -->
<testsuite hostname="DESKTOP-D5NGQE7" failures="0" tests="4" name="com.practice.TestNgPractice" time="7.632" errors="0" timestamp="2024-10-18T13:01:31 IST" skipped="0">
  <testcase classname="com.practice.TestNgPractice" name="linkObject" time="2.147"/>
  <system-out/>
  <testcase classname="com.practice.TestNgPractice" name="sampleformObjects" time="0.483"/>
  <system-out/>
  <testcase classname="com.practice.TestNgPractice" name="dropdownMethod" time="4.881"/>
  <system-out/>
  <testcase classname="com.practice.TestNgPractice" name="radioButtons" time="0.121"/>
  <system-out/>
</testsuite> <!-- com.practice.TestNgPractice -->
