<?xml version="1.0" encoding="UTF-8"?>
<!-- Generated by org.testng.reporters.JUnitReportReporter -->
<testsuite hostname="DESKTOP-D5NGQE7" failures="0" tests="5" name="com.practice.TestngAnnotations" time="4.906" errors="0" timestamp="2024-10-30T21:23:49 IST" skipped="0">
  <testcase classname="com.practice.TestngAnnotations" name="linkObject" time="1.943"/>
  <system-out/>
  <testcase classname="com.practice.TestngAnnotations" name="checkBox" time="0.089"/>
  <system-out/>
  <testcase classname="com.practice.TestngAnnotations" name="textBox" time="0.501"/>
  <system-out/>
  <testcase classname="com.practice.TestngAnnotations" name="dropdownMethod" time="2.286"/>
  <system-out/>
  <testcase classname="com.practice.TestngAnnotations" name="radioButtons" time="0.087"/>
  <system-out/>
</testsuite> <!-- com.practice.TestngAnnotations -->
