<?xml version="1.0" encoding="UTF-8"?>
<!-- Generated by org.testng.reporters.JUnitReportReporter -->
<testsuite hostname="DESKTOP-D5NGQE7" failures="0" tests="2" name="com.selenium.scripts.SeleniumObjectsTest" time="11.414" errors="0" timestamp="2024-10-30T17:56:26 IST" skipped="0">
  <testcase classname="com.selenium.scripts.SeleniumObjectsTest" name="seleniumMethodsForLink" time="3.418"/>
  <system-out/>
  <testcase classname="com.selenium.scripts.SeleniumObjectsTest" name="seleniumMethodsForOtherObjects" time="7.996"/>
  <system-out/>
</testsuite> <!-- com.selenium.scripts.SeleniumObjectsTest -->
