<?xml version="1.0" encoding="UTF-8"?>
<!-- Generated by org.testng.reporters.JUnitReportReporter -->
<testsuite hostname="DESKTOP-D5NGQE7" failures="0" tests="3" name="com.selenium.scripts.AmazonTest" time="0.009" errors="0" timestamp="2024-11-01T18:28:13 IST" skipped="0">
  <testcase classname="com.selenium.scripts.AmazonTest" name="verifyAddToCart" time="0.008"/>
  <system-out/>
  <testcase classname="com.selenium.scripts.AmazonTest" name="checkOut" time="0.001"/>
  <system-out/>
  <testcase classname="com.selenium.scripts.AmazonTest" name="proceedtoBuy" time="0.000"/>
  <system-out/>
</testsuite> <!-- com.selenium.scripts.AmazonTest -->
